0 info it worked if it ends with ok
1 verbose cli [ '/Users/sterling/.nvm/v0.10.45/bin/node',
1 verbose cli   '/Users/sterling/.nvm/v0.10.45/bin/npm',
1 verbose cli   'run',
1 verbose cli   'app.js' ]
2 info using npm@2.15.1
3 info using node@v0.10.45
4 verbose stack Error: missing script: app.js
4 verbose stack     at run (/Users/sterling/.nvm/v0.10.45/lib/node_modules/npm/lib/run-script.js:142:19)
4 verbose stack     at /Users/sterling/.nvm/v0.10.45/lib/node_modules/npm/lib/run-script.js:58:5
4 verbose stack     at /Users/sterling/.nvm/v0.10.45/lib/node_modules/npm/node_modules/read-package-json/read-json.js:345:5
4 verbose stack     at checkBinReferences_ (/Users/sterling/.nvm/v0.10.45/lib/node_modules/npm/node_modules/read-package-json/read-json.js:309:45)
4 verbose stack     at final (/Users/sterling/.nvm/v0.10.45/lib/node_modules/npm/node_modules/read-package-json/read-json.js:343:3)
4 verbose stack     at then (/Users/sterling/.nvm/v0.10.45/lib/node_modules/npm/node_modules/read-package-json/read-json.js:113:5)
4 verbose stack     at /Users/sterling/.nvm/v0.10.45/lib/node_modules/npm/node_modules/read-package-json/read-json.js:284:20
4 verbose stack     at /Users/sterling/.nvm/v0.10.45/lib/node_modules/npm/node_modules/graceful-fs/graceful-fs.js:78:16
4 verbose stack     at fs.js:208:20
4 verbose stack     at /Users/sterling/.nvm/v0.10.45/lib/node_modules/npm/node_modules/graceful-fs/graceful-fs.js:232:16
5 verbose cwd /Users/sterling/Projects/jsDMP/jsdmp
6 error Darwin 15.6.0
7 error argv "/Users/sterling/.nvm/v0.10.45/bin/node" "/Users/sterling/.nvm/v0.10.45/bin/npm" "run" "app.js"
8 error node v0.10.45
9 error npm  v2.15.1
10 error missing script: app.js
11 error If you need help, you may report this error at:
11 error     <https://github.com/npm/npm/issues>
12 verbose exit [ 1, true ]
